<?xml version="1.0" encoding="UTF-8"?>
<!-- Generated by org.testng.reporters.JUnitReportReporter -->
<testsuite skipped="0" hostname="Nadiruzzamans-MacBook-Pro.local" name="loginTest.ValidLoginTest" tests="2" failures="0" timestamp="2020-12-19T10:27:26 EST" time="1.640" errors="0">
  <testcase name="verifySignInTabDisplayed" time="0.337" classname="loginTest.ValidLoginTest"/>
  <system-out>
Test  start: verifySignInTabDisplayed <a href='/Users/nadiruzzamanmuhammad/Documents/uiAutomationSeleniumJava/src/main/java/successScreenshots/verifySignInTabDisplayed_19_12_2020_10_26_49.png'> <image src='/Users/nadiruzzamanmuhammad/Documents/uiAutomationSeleniumJava/src/main/java/successScreenshots/verifySignInTabDisplayed_19_12_2020_10_26_49.png'height='100' width'100'/> </a> Test  success: verifySignInTabDisplayed  </system-out>
  <testcase name="verifyValidSignIn" time="1.303" classname="loginTest.ValidLoginTest"/>
  <system-out>
Test  start: verifyValidSignIn <a href='/Users/nadiruzzamanmuhammad/Documents/uiAutomationSeleniumJava/src/main/java/successScreenshots/verifyValidSignIn_19_12_2020_10_26_52.png'> <image src='/Users/nadiruzzamanmuhammad/Documents/uiAutomationSeleniumJava/src/main/java/successScreenshots/verifyValidSignIn_19_12_2020_10_26_52.png'height='100' width'100'/> </a> Test  success: verifyValidSignIn  </system-out>
</testsuite> <!-- loginTest.ValidLoginTest -->
