<?xml version="1.0" encoding="UTF-8"?>
<!-- Generated by org.testng.reporters.JUnitReportReporter -->
<testsuite skipped="0" hostname="Nadiruzzamans-MacBook-Pro.local" name="cartPageTest.ValidCartPageTest" tests="6" failures="0" timestamp="2021-01-23T10:23:25 EST" time="10.594" errors="0">
  <testcase name="verifyCartButtonAvailableInHomePage" time="0.030" classname="cartPageTest.ValidCartPageTest"/>
  <system-out>
Test  start: verifyCartButtonAvailableInHomePage <a href='/Users/nadiruzzamanmuhammad/Documents/uiAutomationSeleniumJava/src/main/java/successScreenshots/verifyCartButtonAvailableInHomePage_23_01_2021_10_23_10.png'> <image src='/Users/nadiruzzamanmuhammad/Documents/uiAutomationSeleniumJava/src/main/java/successScreenshots/verifyCartButtonAvailableInHomePage_23_01_2021_10_23_10.png'height='100' width'100'/> </a> Test  success: verifyCartButtonAvailableInHomePage  </system-out>
  <testcase name="verifyCartButtonAvailableInSpecialsPgae" time="1.976" classname="cartPageTest.ValidCartPageTest"/>
  <system-out>
Test  start: verifyCartButtonAvailableInSpecialsPgae <a href='/Users/nadiruzzamanmuhammad/Documents/uiAutomationSeleniumJava/src/main/java/successScreenshots/verifyCartButtonAvailableInSpecialsPgae_23_01_2021_10_23_12.png'> <image src='/Users/nadiruzzamanmuhammad/Documents/uiAutomationSeleniumJava/src/main/java/successScreenshots/verifyCartButtonAvailableInSpecialsPgae_23_01_2021_10_23_12.png'height='100' width'100'/> </a> Test  success: verifyCartButtonAvailableInSpecialsPgae  </system-out>
  <testcase name="verifyCartButtonAvailableInNewProductsPgae" time="1.393" classname="cartPageTest.ValidCartPageTest"/>
  <system-out>
Test  start: verifyCartButtonAvailableInNewProductsPgae <a href='/Users/nadiruzzamanmuhammad/Documents/uiAutomationSeleniumJava/src/main/java/successScreenshots/verifyCartButtonAvailableInNewProductsPgae_23_01_2021_10_23_14.png'> <image src='/Users/nadiruzzamanmuhammad/Documents/uiAutomationSeleniumJava/src/main/java/successScreenshots/verifyCartButtonAvailableInNewProductsPgae_23_01_2021_10_23_14.png'height='100' width'100'/> </a> Test  success: verifyCartButtonAvailableInNewProductsPgae  </system-out>
  <testcase name="verifyCartButtonAvailableInBestSellersPgae" time="4.220" classname="cartPageTest.ValidCartPageTest"/>
  <system-out>
Test  start: verifyCartButtonAvailableInBestSellersPgae <a href='/Users/nadiruzzamanmuhammad/Documents/uiAutomationSeleniumJava/src/main/java/successScreenshots/verifyCartButtonAvailableInBestSellersPgae_23_01_2021_10_23_19.png'> <image src='/Users/nadiruzzamanmuhammad/Documents/uiAutomationSeleniumJava/src/main/java/successScreenshots/verifyCartButtonAvailableInBestSellersPgae_23_01_2021_10_23_19.png'height='100' width'100'/> </a> Test  success: verifyCartButtonAvailableInBestSellersPgae  </system-out>
  <testcase name="verifyCartButtonAvailableInOurStoresPgae" time="2.285" classname="cartPageTest.ValidCartPageTest"/>
  <system-out>
Test  start: verifyCartButtonAvailableInOurStoresPgae <a href='/Users/nadiruzzamanmuhammad/Documents/uiAutomationSeleniumJava/src/main/java/successScreenshots/verifyCartButtonAvailableInOurStoresPgae_23_01_2021_10_23_23.png'> <image src='/Users/nadiruzzamanmuhammad/Documents/uiAutomationSeleniumJava/src/main/java/successScreenshots/verifyCartButtonAvailableInOurStoresPgae_23_01_2021_10_23_23.png'height='100' width'100'/> </a> Test  success: verifyCartButtonAvailableInOurStoresPgae  </system-out>
  <testcase name="verifyCartButtonAvailableInContactUsPgae" time="0.690" classname="cartPageTest.ValidCartPageTest"/>
  <system-out>
Test  start: verifyCartButtonAvailableInContactUsPgae <a href='/Users/nadiruzzamanmuhammad/Documents/uiAutomationSeleniumJava/src/main/java/successScreenshots/verifyCartButtonAvailableInContactUsPgae_23_01_2021_10_23_24.png'> <image src='/Users/nadiruzzamanmuhammad/Documents/uiAutomationSeleniumJava/src/main/java/successScreenshots/verifyCartButtonAvailableInContactUsPgae_23_01_2021_10_23_24.png'height='100' width'100'/> </a> Test  success: verifyCartButtonAvailableInContactUsPgae  </system-out>
</testsuite> <!-- cartPageTest.ValidCartPageTest -->
