<?xml version="1.0" encoding="UTF-8"?>
<!-- Generated by org.testng.reporters.JUnitReportReporter -->
<testsuite skipped="0" hostname="Nadiruzzamans-MacBook-Pro.local" name="cartPageTest.ValidCartPageTest" tests="6" failures="0" timestamp="2020-12-12T10:11:09 EST" time="4.603" errors="0">
  <testcase name="verifyCartButtonAvailableInHomePage" time="0.042" classname="cartPageTest.ValidCartPageTest"/>
  <system-out>
Test  start: verifyCartButtonAvailableInHomePage Test  success: verifyCartButtonAvailableInHomePage  </system-out>
  <testcase name="verifyCartButtonAvailableInSpecialsPgae" time="0.859" classname="cartPageTest.ValidCartPageTest"/>
  <system-out>
Test  start: verifyCartButtonAvailableInSpecialsPgae Test  success: verifyCartButtonAvailableInSpecialsPgae  </system-out>
  <testcase name="verifyCartButtonAvailableInNewProductsPgae" time="0.749" classname="cartPageTest.ValidCartPageTest"/>
  <system-out>
Test  start: verifyCartButtonAvailableInNewProductsPgae Test  success: verifyCartButtonAvailableInNewProductsPgae  </system-out>
  <testcase name="verifyCartButtonAvailableInBestSellersPgae" time="0.911" classname="cartPageTest.ValidCartPageTest"/>
  <system-out>
Test  start: verifyCartButtonAvailableInBestSellersPgae Test  success: verifyCartButtonAvailableInBestSellersPgae  </system-out>
  <testcase name="verifyCartButtonAvailableInOurStoresPgae" time="1.089" classname="cartPageTest.ValidCartPageTest"/>
  <system-out>
Test  start: verifyCartButtonAvailableInOurStoresPgae Test  success: verifyCartButtonAvailableInOurStoresPgae  </system-out>
  <testcase name="verifyCartButtonAvailableInContactUsPgae" time="0.953" classname="cartPageTest.ValidCartPageTest"/>
  <system-out>
Test  start: verifyCartButtonAvailableInContactUsPgae Test  success: verifyCartButtonAvailableInContactUsPgae  </system-out>
</testsuite> <!-- cartPageTest.ValidCartPageTest -->
