<?xml version="1.0" encoding="UTF-8"?>
<!-- Generated by org.testng.reporters.JUnitReportReporter -->
<testsuite skipped="0" hostname="Nadiruzzamans-MacBook-Pro.local" name="loginTest.ValidLoginTest" tests="1" failures="0" timestamp="2020-11-14T10:15:53 EST" time="0.606" errors="0">
  <testcase name="verifySignInTabDisplayed" time="0.606" classname="loginTest.ValidLoginTest"/>
  <system-out/>
</testsuite> <!-- loginTest.ValidLoginTest -->
