<?xml version="1.0" encoding="UTF-8"?>
<!-- Generated by org.testng.reporters.JUnitReportReporter -->
<testsuite skipped="0" hostname="Nadiruzzamans-MacBook-Pro.local" name="loginTest.ValidLoginTest" tests="2" failures="0" timestamp="2020-12-12T10:11:09 EST" time="2.779" errors="0">
  <testcase name="verifySignInTabDisplayed" time="0.427" classname="loginTest.ValidLoginTest"/>
  <system-out>
Test  start: verifySignInTabDisplayed Test  success: verifySignInTabDisplayed  </system-out>
  <testcase name="verifyValidSignIn" time="2.352" classname="loginTest.ValidLoginTest"/>
  <system-out>
Test  start: verifyValidSignIn Test  success: verifyValidSignIn  </system-out>
</testsuite> <!-- loginTest.ValidLoginTest -->
