<?xml version="1.0" encoding="UTF-8"?>
<!-- Generated by org.testng.reporters.JUnitReportReporter -->
<testsuite skipped="0" hostname="Nadiruzzamans-MacBook-Pro.local" name="loginTest.ValidLoginTest" tests="2" failures="0" timestamp="2021-01-23T10:23:25 EST" time="2.884" errors="0">
  <testcase name="verifySignInTabDisplayed" time="0.271" classname="loginTest.ValidLoginTest"/>
  <system-out>
Test  start: verifySignInTabDisplayed <a href='/Users/nadiruzzamanmuhammad/Documents/uiAutomationSeleniumJava/src/main/java/successScreenshots/verifySignInTabDisplayed_23_01_2021_10_23_05.png'> <image src='/Users/nadiruzzamanmuhammad/Documents/uiAutomationSeleniumJava/src/main/java/successScreenshots/verifySignInTabDisplayed_23_01_2021_10_23_05.png'height='100' width'100'/> </a> Test  success: verifySignInTabDisplayed  </system-out>
  <testcase name="verifyValidSignIn" time="2.613" classname="loginTest.ValidLoginTest"/>
  <system-out>
Test  start: verifyValidSignIn <a href='/Users/nadiruzzamanmuhammad/Documents/uiAutomationSeleniumJava/src/main/java/successScreenshots/verifyValidSignIn_23_01_2021_10_23_09.png'> <image src='/Users/nadiruzzamanmuhammad/Documents/uiAutomationSeleniumJava/src/main/java/successScreenshots/verifyValidSignIn_23_01_2021_10_23_09.png'height='100' width'100'/> </a> Test  success: verifyValidSignIn  </system-out>
</testsuite> <!-- loginTest.ValidLoginTest -->
